[2016-09-26 11:04:03] local.ERROR: exception 'Illuminate\Session\TokenMismatchException' in C:\OpenServer\domains\ideal\vendor\compiled.php:2440
Stack trace:
#0 C:\OpenServer\domains\ideal\app\Http\Middleware\VerifyCsrfToken.php(17): Illuminate\Foundation\Http\Middleware\VerifyCsrfToken->handle(Object(Illuminate\Http\Request), Object(Closure))
#1 C:\OpenServer\domains\ideal\vendor\compiled.php(8944): App\Http\Middleware\VerifyCsrfToken->handle(Object(Illuminate\Http\Request), Object(Closure))
#2 C:\OpenServer\domains\ideal\vendor\compiled.php(12083): Illuminate\Pipeline\Pipeline->Illuminate\Pipeline\{closure}(Object(Illuminate\Http\Request))
#3 C:\OpenServer\domains\ideal\vendor\compiled.php(8944): Illuminate\View\Middleware\ShareErrorsFromSession->handle(Object(Illuminate\Http\Request), Object(Closure))
#4 C:\OpenServer\domains\ideal\vendor\compiled.php(10785): Illuminate\Pipeline\Pipeline->Illuminate\Pipeline\{closure}(Object(Illuminate\Http\Request))
#5 C:\OpenServer\domains\ideal\vendor\compiled.php(8944): Illuminate\Session\Middleware\StartSession->handle(Object(Illuminate\Http\Request), Object(Closure))
#6 C:\OpenServer\domains\ideal\vendor\compiled.php(11789): Illuminate\Pipeline\Pipeline->Illuminate\Pipeline\{closure}(Object(Illuminate\Http\Request))
#7 C:\OpenServer\domains\ideal\vendor\compiled.php(8944): Illuminate\Cookie\Middleware\AddQueuedCookiesToResponse->handle(Object(Illuminate\Http\Request), Object(Closure))
#8 C:\OpenServer\domains\ideal\vendor\compiled.php(11738): Illuminate\Pipeline\Pipeline->Illuminate\Pipeline\{closure}(Object(Illuminate\Http\Request))
#9 C:\OpenServer\domains\ideal\vendor\compiled.php(8944): Illuminate\Cookie\Middleware\EncryptCookies->handle(Object(Illuminate\Http\Request), Object(Closure))
#10 C:\OpenServer\domains\ideal\vendor\compiled.php(2478): Illuminate\Pipeline\Pipeline->Illuminate\Pipeline\{closure}(Object(Illuminate\Http\Request))
#11 C:\OpenServer\domains\ideal\vendor\compiled.php(8944): Illuminate\Foundation\Http\Middleware\CheckForMaintenanceMode->handle(Object(Illuminate\Http\Request), Object(Closure))
#12 [internal function]: Illuminate\Pipeline\Pipeline->Illuminate\Pipeline\{closure}(Object(Illuminate\Http\Request))
#13 C:\OpenServer\domains\ideal\vendor\compiled.php(8935): call_user_func(Object(Closure), Object(Illuminate\Http\Request))
#14 C:\OpenServer\domains\ideal\vendor\compiled.php(1891): Illuminate\Pipeline\Pipeline->then(Object(Closure))
#15 C:\OpenServer\domains\ideal\vendor\compiled.php(1880): Illuminate\Foundation\Http\Kernel->sendRequestThroughRouter(Object(Illuminate\Http\Request))
#16 C:\OpenServer\domains\ideal\public\index.php(53): Illuminate\Foundation\Http\Kernel->handle(Object(Illuminate\Http\Request))
#17 {main}  
[2016-09-26 11:05:06] local.ERROR: exception 'Illuminate\Session\TokenMismatchException' in C:\OpenServer\domains\ideal\vendor\compiled.php:2440
Stack trace:
#0 C:\OpenServer\domains\ideal\app\Http\Middleware\VerifyCsrfToken.php(17): Illuminate\Foundation\Http\Middleware\VerifyCsrfToken->handle(Object(Illuminate\Http\Request), Object(Closure))
#1 C:\OpenServer\domains\ideal\vendor\compiled.php(8944): App\Http\Middleware\VerifyCsrfToken->handle(Object(Illuminate\Http\Request), Object(Closure))
#2 C:\OpenServer\domains\ideal\vendor\compiled.php(12083): Illuminate\Pipeline\Pipeline->Illuminate\Pipeline\{closure}(Object(Illuminate\Http\Request))
#3 C:\OpenServer\domains\ideal\vendor\compiled.php(8944): Illuminate\View\Middleware\ShareErrorsFromSession->handle(Object(Illuminate\Http\Request), Object(Closure))
#4 C:\OpenServer\domains\ideal\vendor\compiled.php(10785): Illuminate\Pipeline\Pipeline->Illuminate\Pipeline\{closure}(Object(Illuminate\Http\Request))
#5 C:\OpenServer\domains\ideal\vendor\compiled.php(8944): Illuminate\Session\Middleware\StartSession->handle(Object(Illuminate\Http\Request), Object(Closure))
#6 C:\OpenServer\domains\ideal\vendor\compiled.php(11789): Illuminate\Pipeline\Pipeline->Illuminate\Pipeline\{closure}(Object(Illuminate\Http\Request))
#7 C:\OpenServer\domains\ideal\vendor\compiled.php(8944): Illuminate\Cookie\Middleware\AddQueuedCookiesToResponse->handle(Object(Illuminate\Http\Request), Object(Closure))
#8 C:\OpenServer\domains\ideal\vendor\compiled.php(11738): Illuminate\Pipeline\Pipeline->Illuminate\Pipeline\{closure}(Object(Illuminate\Http\Request))
#9 C:\OpenServer\domains\ideal\vendor\compiled.php(8944): Illuminate\Cookie\Middleware\EncryptCookies->handle(Object(Illuminate\Http\Request), Object(Closure))
#10 C:\OpenServer\domains\ideal\vendor\compiled.php(2478): Illuminate\Pipeline\Pipeline->Illuminate\Pipeline\{closure}(Object(Illuminate\Http\Request))
#11 C:\OpenServer\domains\ideal\vendor\compiled.php(8944): Illuminate\Foundation\Http\Middleware\CheckForMaintenanceMode->handle(Object(Illuminate\Http\Request), Object(Closure))
#12 [internal function]: Illuminate\Pipeline\Pipeline->Illuminate\Pipeline\{closure}(Object(Illuminate\Http\Request))
#13 C:\OpenServer\domains\ideal\vendor\compiled.php(8935): call_user_func(Object(Closure), Object(Illuminate\Http\Request))
#14 C:\OpenServer\domains\ideal\vendor\compiled.php(1891): Illuminate\Pipeline\Pipeline->then(Object(Closure))
#15 C:\OpenServer\domains\ideal\vendor\compiled.php(1880): Illuminate\Foundation\Http\Kernel->sendRequestThroughRouter(Object(Illuminate\Http\Request))
#16 C:\OpenServer\domains\ideal\public\index.php(53): Illuminate\Foundation\Http\Kernel->handle(Object(Illuminate\Http\Request))
#17 {main}  
[2016-09-26 11:09:17] local.ERROR: exception 'Illuminate\Session\TokenMismatchException' in C:\OpenServer\domains\ideal\vendor\compiled.php:2440
Stack trace:
#0 C:\OpenServer\domains\ideal\app\Http\Middleware\VerifyCsrfToken.php(17): Illuminate\Foundation\Http\Middleware\VerifyCsrfToken->handle(Object(Illuminate\Http\Request), Object(Closure))
#1 C:\OpenServer\domains\ideal\vendor\compiled.php(8944): App\Http\Middleware\VerifyCsrfToken->handle(Object(Illuminate\Http\Request), Object(Closure))
#2 C:\OpenServer\domains\ideal\vendor\compiled.php(12083): Illuminate\Pipeline\Pipeline->Illuminate\Pipeline\{closure}(Object(Illuminate\Http\Request))
#3 C:\OpenServer\domains\ideal\vendor\compiled.php(8944): Illuminate\View\Middleware\ShareErrorsFromSession->handle(Object(Illuminate\Http\Request), Object(Closure))
#4 C:\OpenServer\domains\ideal\vendor\compiled.php(10785): Illuminate\Pipeline\Pipeline->Illuminate\Pipeline\{closure}(Object(Illuminate\Http\Request))
#5 C:\OpenServer\domains\ideal\vendor\compiled.php(8944): Illuminate\Session\Middleware\StartSession->handle(Object(Illuminate\Http\Request), Object(Closure))
#6 C:\OpenServer\domains\ideal\vendor\compiled.php(11789): Illuminate\Pipeline\Pipeline->Illuminate\Pipeline\{closure}(Object(Illuminate\Http\Request))
#7 C:\OpenServer\domains\ideal\vendor\compiled.php(8944): Illuminate\Cookie\Middleware\AddQueuedCookiesToResponse->handle(Object(Illuminate\Http\Request), Object(Closure))
#8 C:\OpenServer\domains\ideal\vendor\compiled.php(11738): Illuminate\Pipeline\Pipeline->Illuminate\Pipeline\{closure}(Object(Illuminate\Http\Request))
#9 C:\OpenServer\domains\ideal\vendor\compiled.php(8944): Illuminate\Cookie\Middleware\EncryptCookies->handle(Object(Illuminate\Http\Request), Object(Closure))
#10 C:\OpenServer\domains\ideal\vendor\compiled.php(2478): Illuminate\Pipeline\Pipeline->Illuminate\Pipeline\{closure}(Object(Illuminate\Http\Request))
#11 C:\OpenServer\domains\ideal\vendor\compiled.php(8944): Illuminate\Foundation\Http\Middleware\CheckForMaintenanceMode->handle(Object(Illuminate\Http\Request), Object(Closure))
#12 [internal function]: Illuminate\Pipeline\Pipeline->Illuminate\Pipeline\{closure}(Object(Illuminate\Http\Request))
#13 C:\OpenServer\domains\ideal\vendor\compiled.php(8935): call_user_func(Object(Closure), Object(Illuminate\Http\Request))
#14 C:\OpenServer\domains\ideal\vendor\compiled.php(1891): Illuminate\Pipeline\Pipeline->then(Object(Closure))
#15 C:\OpenServer\domains\ideal\vendor\compiled.php(1880): Illuminate\Foundation\Http\Kernel->sendRequestThroughRouter(Object(Illuminate\Http\Request))
#16 C:\OpenServer\domains\ideal\public\index.php(53): Illuminate\Foundation\Http\Kernel->handle(Object(Illuminate\Http\Request))
#17 {main}  
[2016-09-26 11:09:41] local.ERROR: exception 'Illuminate\Session\TokenMismatchException' in C:\OpenServer\domains\ideal\vendor\compiled.php:2440
Stack trace:
#0 C:\OpenServer\domains\ideal\app\Http\Middleware\VerifyCsrfToken.php(17): Illuminate\Foundation\Http\Middleware\VerifyCsrfToken->handle(Object(Illuminate\Http\Request), Object(Closure))
#1 C:\OpenServer\domains\ideal\vendor\compiled.php(8944): App\Http\Middleware\VerifyCsrfToken->handle(Object(Illuminate\Http\Request), Object(Closure))
#2 C:\OpenServer\domains\ideal\vendor\compiled.php(12083): Illuminate\Pipeline\Pipeline->Illuminate\Pipeline\{closure}(Object(Illuminate\Http\Request))
#3 C:\OpenServer\domains\ideal\vendor\compiled.php(8944): Illuminate\View\Middleware\ShareErrorsFromSession->handle(Object(Illuminate\Http\Request), Object(Closure))
#4 C:\OpenServer\domains\ideal\vendor\compiled.php(10785): Illuminate\Pipeline\Pipeline->Illuminate\Pipeline\{closure}(Object(Illuminate\Http\Request))
#5 C:\OpenServer\domains\ideal\vendor\compiled.php(8944): Illuminate\Session\Middleware\StartSession->handle(Object(Illuminate\Http\Request), Object(Closure))
#6 C:\OpenServer\domains\ideal\vendor\compiled.php(11789): Illuminate\Pipeline\Pipeline->Illuminate\Pipeline\{closure}(Object(Illuminate\Http\Request))
#7 C:\OpenServer\domains\ideal\vendor\compiled.php(8944): Illuminate\Cookie\Middleware\AddQueuedCookiesToResponse->handle(Object(Illuminate\Http\Request), Object(Closure))
#8 C:\OpenServer\domains\ideal\vendor\compiled.php(11738): Illuminate\Pipeline\Pipeline->Illuminate\Pipeline\{closure}(Object(Illuminate\Http\Request))
#9 C:\OpenServer\domains\ideal\vendor\compiled.php(8944): Illuminate\Cookie\Middleware\EncryptCookies->handle(Object(Illuminate\Http\Request), Object(Closure))
#10 C:\OpenServer\domains\ideal\vendor\compiled.php(2478): Illuminate\Pipeline\Pipeline->Illuminate\Pipeline\{closure}(Object(Illuminate\Http\Request))
#11 C:\OpenServer\domains\ideal\vendor\compiled.php(8944): Illuminate\Foundation\Http\Middleware\CheckForMaintenanceMode->handle(Object(Illuminate\Http\Request), Object(Closure))
#12 [internal function]: Illuminate\Pipeline\Pipeline->Illuminate\Pipeline\{closure}(Object(Illuminate\Http\Request))
#13 C:\OpenServer\domains\ideal\vendor\compiled.php(8935): call_user_func(Object(Closure), Object(Illuminate\Http\Request))
#14 C:\OpenServer\domains\ideal\vendor\compiled.php(1891): Illuminate\Pipeline\Pipeline->then(Object(Closure))
#15 C:\OpenServer\domains\ideal\vendor\compiled.php(1880): Illuminate\Foundation\Http\Kernel->sendRequestThroughRouter(Object(Illuminate\Http\Request))
#16 C:\OpenServer\domains\ideal\public\index.php(53): Illuminate\Foundation\Http\Kernel->handle(Object(Illuminate\Http\Request))
#17 {main}  
[2016-09-26 11:20:03] local.ERROR: exception 'Illuminate\Session\TokenMismatchException' in C:\OpenServer\domains\ideal\vendor\compiled.php:2440
Stack trace:
#0 C:\OpenServer\domains\ideal\app\Http\Middleware\VerifyCsrfToken.php(17): Illuminate\Foundation\Http\Middleware\VerifyCsrfToken->handle(Object(Illuminate\Http\Request), Object(Closure))
#1 C:\OpenServer\domains\ideal\vendor\compiled.php(8944): App\Http\Middleware\VerifyCsrfToken->handle(Object(Illuminate\Http\Request), Object(Closure))
#2 C:\OpenServer\domains\ideal\vendor\compiled.php(12083): Illuminate\Pipeline\Pipeline->Illuminate\Pipeline\{closure}(Object(Illuminate\Http\Request))
#3 C:\OpenServer\domains\ideal\vendor\compiled.php(8944): Illuminate\View\Middleware\ShareErrorsFromSession->handle(Object(Illuminate\Http\Request), Object(Closure))
#4 C:\OpenServer\domains\ideal\vendor\compiled.php(10785): Illuminate\Pipeline\Pipeline->Illuminate\Pipeline\{closure}(Object(Illuminate\Http\Request))
#5 C:\OpenServer\domains\ideal\vendor\compiled.php(8944): Illuminate\Session\Middleware\StartSession->handle(Object(Illuminate\Http\Request), Object(Closure))
#6 C:\OpenServer\domains\ideal\vendor\compiled.php(11789): Illuminate\Pipeline\Pipeline->Illuminate\Pipeline\{closure}(Object(Illuminate\Http\Request))
#7 C:\OpenServer\domains\ideal\vendor\compiled.php(8944): Illuminate\Cookie\Middleware\AddQueuedCookiesToResponse->handle(Object(Illuminate\Http\Request), Object(Closure))
#8 C:\OpenServer\domains\ideal\vendor\compiled.php(11738): Illuminate\Pipeline\Pipeline->Illuminate\Pipeline\{closure}(Object(Illuminate\Http\Request))
#9 C:\OpenServer\domains\ideal\vendor\compiled.php(8944): Illuminate\Cookie\Middleware\EncryptCookies->handle(Object(Illuminate\Http\Request), Object(Closure))
#10 C:\OpenServer\domains\ideal\vendor\compiled.php(2478): Illuminate\Pipeline\Pipeline->Illuminate\Pipeline\{closure}(Object(Illuminate\Http\Request))
#11 C:\OpenServer\domains\ideal\vendor\compiled.php(8944): Illuminate\Foundation\Http\Middleware\CheckForMaintenanceMode->handle(Object(Illuminate\Http\Request), Object(Closure))
#12 [internal function]: Illuminate\Pipeline\Pipeline->Illuminate\Pipeline\{closure}(Object(Illuminate\Http\Request))
#13 C:\OpenServer\domains\ideal\vendor\compiled.php(8935): call_user_func(Object(Closure), Object(Illuminate\Http\Request))
#14 C:\OpenServer\domains\ideal\vendor\compiled.php(1891): Illuminate\Pipeline\Pipeline->then(Object(Closure))
#15 C:\OpenServer\domains\ideal\vendor\compiled.php(1880): Illuminate\Foundation\Http\Kernel->sendRequestThroughRouter(Object(Illuminate\Http\Request))
#16 C:\OpenServer\domains\ideal\public\index.php(53): Illuminate\Foundation\Http\Kernel->handle(Object(Illuminate\Http\Request))
#17 {main}  
[2016-09-26 11:20:23] local.ERROR: exception 'Illuminate\Session\TokenMismatchException' in C:\OpenServer\domains\ideal\vendor\compiled.php:2440
Stack trace:
#0 C:\OpenServer\domains\ideal\app\Http\Middleware\VerifyCsrfToken.php(17): Illuminate\Foundation\Http\Middleware\VerifyCsrfToken->handle(Object(Illuminate\Http\Request), Object(Closure))
#1 C:\OpenServer\domains\ideal\vendor\compiled.php(8944): App\Http\Middleware\VerifyCsrfToken->handle(Object(Illuminate\Http\Request), Object(Closure))
#2 C:\OpenServer\domains\ideal\vendor\compiled.php(12083): Illuminate\Pipeline\Pipeline->Illuminate\Pipeline\{closure}(Object(Illuminate\Http\Request))
#3 C:\OpenServer\domains\ideal\vendor\compiled.php(8944): Illuminate\View\Middleware\ShareErrorsFromSession->handle(Object(Illuminate\Http\Request), Object(Closure))
#4 C:\OpenServer\domains\ideal\vendor\compiled.php(10785): Illuminate\Pipeline\Pipeline->Illuminate\Pipeline\{closure}(Object(Illuminate\Http\Request))
#5 C:\OpenServer\domains\ideal\vendor\compiled.php(8944): Illuminate\Session\Middleware\StartSession->handle(Object(Illuminate\Http\Request), Object(Closure))
#6 C:\OpenServer\domains\ideal\vendor\compiled.php(11789): Illuminate\Pipeline\Pipeline->Illuminate\Pipeline\{closure}(Object(Illuminate\Http\Request))
#7 C:\OpenServer\domains\ideal\vendor\compiled.php(8944): Illuminate\Cookie\Middleware\AddQueuedCookiesToResponse->handle(Object(Illuminate\Http\Request), Object(Closure))
#8 C:\OpenServer\domains\ideal\vendor\compiled.php(11738): Illuminate\Pipeline\Pipeline->Illuminate\Pipeline\{closure}(Object(Illuminate\Http\Request))
#9 C:\OpenServer\domains\ideal\vendor\compiled.php(8944): Illuminate\Cookie\Middleware\EncryptCookies->handle(Object(Illuminate\Http\Request), Object(Closure))
#10 C:\OpenServer\domains\ideal\vendor\compiled.php(2478): Illuminate\Pipeline\Pipeline->Illuminate\Pipeline\{closure}(Object(Illuminate\Http\Request))
#11 C:\OpenServer\domains\ideal\vendor\compiled.php(8944): Illuminate\Foundation\Http\Middleware\CheckForMaintenanceMode->handle(Object(Illuminate\Http\Request), Object(Closure))
#12 [internal function]: Illuminate\Pipeline\Pipeline->Illuminate\Pipeline\{closure}(Object(Illuminate\Http\Request))
#13 C:\OpenServer\domains\ideal\vendor\compiled.php(8935): call_user_func(Object(Closure), Object(Illuminate\Http\Request))
#14 C:\OpenServer\domains\ideal\vendor\compiled.php(1891): Illuminate\Pipeline\Pipeline->then(Object(Closure))
#15 C:\OpenServer\domains\ideal\vendor\compiled.php(1880): Illuminate\Foundation\Http\Kernel->sendRequestThroughRouter(Object(Illuminate\Http\Request))
#16 C:\OpenServer\domains\ideal\public\index.php(53): Illuminate\Foundation\Http\Kernel->handle(Object(Illuminate\Http\Request))
#17 {main}  
[2016-09-26 11:25:08] local.ERROR: exception 'Illuminate\Session\TokenMismatchException' in C:\OpenServer\domains\ideal\vendor\compiled.php:2440
Stack trace:
#0 C:\OpenServer\domains\ideal\app\Http\Middleware\VerifyCsrfToken.php(17): Illuminate\Foundation\Http\Middleware\VerifyCsrfToken->handle(Object(Illuminate\Http\Request), Object(Closure))
#1 C:\OpenServer\domains\ideal\vendor\compiled.php(8944): App\Http\Middleware\VerifyCsrfToken->handle(Object(Illuminate\Http\Request), Object(Closure))
#2 C:\OpenServer\domains\ideal\vendor\compiled.php(12083): Illuminate\Pipeline\Pipeline->Illuminate\Pipeline\{closure}(Object(Illuminate\Http\Request))
#3 C:\OpenServer\domains\ideal\vendor\compiled.php(8944): Illuminate\View\Middleware\ShareErrorsFromSession->handle(Object(Illuminate\Http\Request), Object(Closure))
#4 C:\OpenServer\domains\ideal\vendor\compiled.php(10785): Illuminate\Pipeline\Pipeline->Illuminate\Pipeline\{closure}(Object(Illuminate\Http\Request))
#5 C:\OpenServer\domains\ideal\vendor\compiled.php(8944): Illuminate\Session\Middleware\StartSession->handle(Object(Illuminate\Http\Request), Object(Closure))
#6 C:\OpenServer\domains\ideal\vendor\compiled.php(11789): Illuminate\Pipeline\Pipeline->Illuminate\Pipeline\{closure}(Object(Illuminate\Http\Request))
#7 C:\OpenServer\domains\ideal\vendor\compiled.php(8944): Illuminate\Cookie\Middleware\AddQueuedCookiesToResponse->handle(Object(Illuminate\Http\Request), Object(Closure))
#8 C:\OpenServer\domains\ideal\vendor\compiled.php(11738): Illuminate\Pipeline\Pipeline->Illuminate\Pipeline\{closure}(Object(Illuminate\Http\Request))
#9 C:\OpenServer\domains\ideal\vendor\compiled.php(8944): Illuminate\Cookie\Middleware\EncryptCookies->handle(Object(Illuminate\Http\Request), Object(Closure))
#10 C:\OpenServer\domains\ideal\vendor\compiled.php(2478): Illuminate\Pipeline\Pipeline->Illuminate\Pipeline\{closure}(Object(Illuminate\Http\Request))
#11 C:\OpenServer\domains\ideal\vendor\compiled.php(8944): Illuminate\Foundation\Http\Middleware\CheckForMaintenanceMode->handle(Object(Illuminate\Http\Request), Object(Closure))
#12 [internal function]: Illuminate\Pipeline\Pipeline->Illuminate\Pipeline\{closure}(Object(Illuminate\Http\Request))
#13 C:\OpenServer\domains\ideal\vendor\compiled.php(8935): call_user_func(Object(Closure), Object(Illuminate\Http\Request))
#14 C:\OpenServer\domains\ideal\vendor\compiled.php(1891): Illuminate\Pipeline\Pipeline->then(Object(Closure))
#15 C:\OpenServer\domains\ideal\vendor\compiled.php(1880): Illuminate\Foundation\Http\Kernel->sendRequestThroughRouter(Object(Illuminate\Http\Request))
#16 C:\OpenServer\domains\ideal\public\index.php(53): Illuminate\Foundation\Http\Kernel->handle(Object(Illuminate\Http\Request))
#17 {main}  
[2016-09-26 11:25:21] local.ERROR: exception 'Illuminate\Session\TokenMismatchException' in C:\OpenServer\domains\ideal\vendor\compiled.php:2440
Stack trace:
#0 C:\OpenServer\domains\ideal\app\Http\Middleware\VerifyCsrfToken.php(17): Illuminate\Foundation\Http\Middleware\VerifyCsrfToken->handle(Object(Illuminate\Http\Request), Object(Closure))
#1 C:\OpenServer\domains\ideal\vendor\compiled.php(8944): App\Http\Middleware\VerifyCsrfToken->handle(Object(Illuminate\Http\Request), Object(Closure))
#2 C:\OpenServer\domains\ideal\vendor\compiled.php(12083): Illuminate\Pipeline\Pipeline->Illuminate\Pipeline\{closure}(Object(Illuminate\Http\Request))
#3 C:\OpenServer\domains\ideal\vendor\compiled.php(8944): Illuminate\View\Middleware\ShareErrorsFromSession->handle(Object(Illuminate\Http\Request), Object(Closure))
#4 C:\OpenServer\domains\ideal\vendor\compiled.php(10785): Illuminate\Pipeline\Pipeline->Illuminate\Pipeline\{closure}(Object(Illuminate\Http\Request))
#5 C:\OpenServer\domains\ideal\vendor\compiled.php(8944): Illuminate\Session\Middleware\StartSession->handle(Object(Illuminate\Http\Request), Object(Closure))
#6 C:\OpenServer\domains\ideal\vendor\compiled.php(11789): Illuminate\Pipeline\Pipeline->Illuminate\Pipeline\{closure}(Object(Illuminate\Http\Request))
#7 C:\OpenServer\domains\ideal\vendor\compiled.php(8944): Illuminate\Cookie\Middleware\AddQueuedCookiesToResponse->handle(Object(Illuminate\Http\Request), Object(Closure))
#8 C:\OpenServer\domains\ideal\vendor\compiled.php(11738): Illuminate\Pipeline\Pipeline->Illuminate\Pipeline\{closure}(Object(Illuminate\Http\Request))
#9 C:\OpenServer\domains\ideal\vendor\compiled.php(8944): Illuminate\Cookie\Middleware\EncryptCookies->handle(Object(Illuminate\Http\Request), Object(Closure))
#10 C:\OpenServer\domains\ideal\vendor\compiled.php(2478): Illuminate\Pipeline\Pipeline->Illuminate\Pipeline\{closure}(Object(Illuminate\Http\Request))
#11 C:\OpenServer\domains\ideal\vendor\compiled.php(8944): Illuminate\Foundation\Http\Middleware\CheckForMaintenanceMode->handle(Object(Illuminate\Http\Request), Object(Closure))
#12 [internal function]: Illuminate\Pipeline\Pipeline->Illuminate\Pipeline\{closure}(Object(Illuminate\Http\Request))
#13 C:\OpenServer\domains\ideal\vendor\compiled.php(8935): call_user_func(Object(Closure), Object(Illuminate\Http\Request))
#14 C:\OpenServer\domains\ideal\vendor\compiled.php(1891): Illuminate\Pipeline\Pipeline->then(Object(Closure))
#15 C:\OpenServer\domains\ideal\vendor\compiled.php(1880): Illuminate\Foundation\Http\Kernel->sendRequestThroughRouter(Object(Illuminate\Http\Request))
#16 C:\OpenServer\domains\ideal\public\index.php(53): Illuminate\Foundation\Http\Kernel->handle(Object(Illuminate\Http\Request))
#17 {main}  
[2016-09-26 11:25:48] local.ERROR: exception 'Illuminate\Session\TokenMismatchException' in C:\OpenServer\domains\ideal\vendor\compiled.php:2440
Stack trace:
#0 C:\OpenServer\domains\ideal\app\Http\Middleware\VerifyCsrfToken.php(17): Illuminate\Foundation\Http\Middleware\VerifyCsrfToken->handle(Object(Illuminate\Http\Request), Object(Closure))
#1 C:\OpenServer\domains\ideal\vendor\compiled.php(8944): App\Http\Middleware\VerifyCsrfToken->handle(Object(Illuminate\Http\Request), Object(Closure))
#2 C:\OpenServer\domains\ideal\vendor\compiled.php(12083): Illuminate\Pipeline\Pipeline->Illuminate\Pipeline\{closure}(Object(Illuminate\Http\Request))
#3 C:\OpenServer\domains\ideal\vendor\compiled.php(8944): Illuminate\View\Middleware\ShareErrorsFromSession->handle(Object(Illuminate\Http\Request), Object(Closure))
#4 C:\OpenServer\domains\ideal\vendor\compiled.php(10785): Illuminate\Pipeline\Pipeline->Illuminate\Pipeline\{closure}(Object(Illuminate\Http\Request))
#5 C:\OpenServer\domains\ideal\vendor\compiled.php(8944): Illuminate\Session\Middleware\StartSession->handle(Object(Illuminate\Http\Request), Object(Closure))
#6 C:\OpenServer\domains\ideal\vendor\compiled.php(11789): Illuminate\Pipeline\Pipeline->Illuminate\Pipeline\{closure}(Object(Illuminate\Http\Request))
#7 C:\OpenServer\domains\ideal\vendor\compiled.php(8944): Illuminate\Cookie\Middleware\AddQueuedCookiesToResponse->handle(Object(Illuminate\Http\Request), Object(Closure))
#8 C:\OpenServer\domains\ideal\vendor\compiled.php(11738): Illuminate\Pipeline\Pipeline->Illuminate\Pipeline\{closure}(Object(Illuminate\Http\Request))
#9 C:\OpenServer\domains\ideal\vendor\compiled.php(8944): Illuminate\Cookie\Middleware\EncryptCookies->handle(Object(Illuminate\Http\Request), Object(Closure))
#10 C:\OpenServer\domains\ideal\vendor\compiled.php(2478): Illuminate\Pipeline\Pipeline->Illuminate\Pipeline\{closure}(Object(Illuminate\Http\Request))
#11 C:\OpenServer\domains\ideal\vendor\compiled.php(8944): Illuminate\Foundation\Http\Middleware\CheckForMaintenanceMode->handle(Object(Illuminate\Http\Request), Object(Closure))
#12 [internal function]: Illuminate\Pipeline\Pipeline->Illuminate\Pipeline\{closure}(Object(Illuminate\Http\Request))
#13 C:\OpenServer\domains\ideal\vendor\compiled.php(8935): call_user_func(Object(Closure), Object(Illuminate\Http\Request))
#14 C:\OpenServer\domains\ideal\vendor\compiled.php(1891): Illuminate\Pipeline\Pipeline->then(Object(Closure))
#15 C:\OpenServer\domains\ideal\vendor\compiled.php(1880): Illuminate\Foundation\Http\Kernel->sendRequestThroughRouter(Object(Illuminate\Http\Request))
#16 C:\OpenServer\domains\ideal\public\index.php(53): Illuminate\Foundation\Http\Kernel->handle(Object(Illuminate\Http\Request))
#17 {main}  
[2016-09-26 11:28:17] local.ERROR: exception 'ImagickException' with message 'unable to open image `./foto/default/default.jpg': No such file or directory @ error/blob.c/OpenBlob/2709' in C:\OpenServer\domains\ideal\vendor\intervention\image\src\Intervention\Image\Imagick\Decoder.php:22
Stack trace:
#0 C:\OpenServer\domains\ideal\vendor\intervention\image\src\Intervention\Image\Imagick\Decoder.php(22): Imagick->readimage('./foto/default/...')
#1 C:\OpenServer\domains\ideal\vendor\intervention\image\src\Intervention\Image\AbstractDecoder.php(293): Intervention\Image\Imagick\Decoder->initFromPath('./foto/default/...')
#2 C:\OpenServer\domains\ideal\vendor\intervention\image\src\Intervention\Image\AbstractDriver.php(64): Intervention\Image\AbstractDecoder->init('./foto/default/...')
#3 C:\OpenServer\domains\ideal\vendor\intervention\image\src\Intervention\Image\ImageManager.php(50): Intervention\Image\AbstractDriver->init('./foto/default/...')
#4 C:\OpenServer\domains\ideal\vendor\intervention\image\src\Intervention\Image\ImageManagerStatic.php(57): Intervention\Image\ImageManager->make('./foto/default/...')
#5 C:\OpenServer\domains\ideal\app\Http\Controllers\IndexController.php(147): Intervention\Image\ImageManagerStatic::make('./foto/default/...')
#6 [internal function]: App\Http\Controllers\IndexController->registration(Object(Illuminate\Http\Request))
#7 C:\OpenServer\domains\ideal\vendor\compiled.php(8287): call_user_func_array(Array, Array)
#8 C:\OpenServer\domains\ideal\vendor\compiled.php(8354): Illuminate\Routing\Controller->callAction('registration', Array)
#9 C:\OpenServer\domains\ideal\vendor\compiled.php(8333): Illuminate\Routing\ControllerDispatcher->call(Object(App\Http\Controllers\IndexController), Object(Illuminate\Routing\Route), 'registration')
#10 [internal function]: Illuminate\Routing\ControllerDispatcher->Illuminate\Routing\{closure}(Object(Illuminate\Http\Request))
#11 C:\OpenServer\domains\ideal\vendor\compiled.php(8952): call_user_func(Object(Closure), Object(Illuminate\Http\Request))
#12 [internal function]: Illuminate\Pipeline\Pipeline->Illuminate\Pipeline\{closure}(Object(Illuminate\Http\Request))
#13 C:\OpenServer\domains\ideal\vendor\compiled.php(8935): call_user_func(Object(Closure), Object(Illuminate\Http\Request))
#14 C:\OpenServer\domains\ideal\vendor\compiled.php(8334): Illuminate\Pipeline\Pipeline->then(Object(Closure))
#15 C:\OpenServer\domains\ideal\vendor\compiled.php(8320): Illuminate\Routing\ControllerDispatcher->callWithinStack(Object(App\Http\Controllers\IndexController), Object(Illuminate\Routing\Route), Object(Illuminate\Http\Request), 'registration')
#16 C:\OpenServer\domains\ideal\vendor\compiled.php(7317): Illuminate\Routing\ControllerDispatcher->dispatch(Object(Illuminate\Routing\Route), Object(Illuminate\Http\Request), 'App\\Http\\Contro...', 'registration')
#17 C:\OpenServer\domains\ideal\vendor\compiled.php(7288): Illuminate\Routing\Route->runWithCustomDispatcher(Object(Illuminate\Http\Request))
#18 C:\OpenServer\domains\ideal\vendor\compiled.php(6954): Illuminate\Routing\Route->run(Object(Illuminate\Http\Request))
#19 [internal function]: Illuminate\Routing\Router->Illuminate\Routing\{closure}(Object(Illuminate\Http\Request))
#20 C:\OpenServer\domains\ideal\vendor\compiled.php(8952): call_user_func(Object(Closure), Object(Illuminate\Http\Request))
#21 [internal function]: Illuminate\Pipeline\Pipeline->Illuminate\Pipeline\{closure}(Object(Illuminate\Http\Request))
#22 C:\OpenServer\domains\ideal\vendor\compiled.php(8935): call_user_func(Object(Closure), Object(Illuminate\Http\Request))
#23 C:\OpenServer\domains\ideal\vendor\compiled.php(6955): Illuminate\Pipeline\Pipeline->then(Object(Closure))
#24 C:\OpenServer\domains\ideal\vendor\compiled.php(6944): Illuminate\Routing\Router->runRouteWithinStack(Object(Illuminate\Routing\Route), Object(Illuminate\Http\Request))
#25 C:\OpenServer\domains\ideal\vendor\compiled.php(6929): Illuminate\Routing\Router->dispatchToRoute(Object(Illuminate\Http\Request))
#26 C:\OpenServer\domains\ideal\vendor\compiled.php(1935): Illuminate\Routing\Router->dispatch(Object(Illuminate\Http\Request))
#27 [internal function]: Illuminate\Foundation\Http\Kernel->Illuminate\Foundation\Http\{closure}(Object(Illuminate\Http\Request))
#28 C:\OpenServer\domains\ideal\vendor\compiled.php(8952): call_user_func(Object(Closure), Object(Illuminate\Http\Request))
#29 C:\OpenServer\domains\ideal\vendor\compiled.php(2438): Illuminate\Pipeline\Pipeline->Illuminate\Pipeline\{closure}(Object(Illuminate\Http\Request))
#30 C:\OpenServer\domains\ideal\app\Http\Middleware\VerifyCsrfToken.php(17): Illuminate\Foundation\Http\Middleware\VerifyCsrfToken->handle(Object(Illuminate\Http\Request), Object(Closure))
#31 C:\OpenServer\domains\ideal\vendor\compiled.php(8944): App\Http\Middleware\VerifyCsrfToken->handle(Object(Illuminate\Http\Request), Object(Closure))
#32 C:\OpenServer\domains\ideal\vendor\compiled.php(12083): Illuminate\Pipeline\Pipeline->Illuminate\Pipeline\{closure}(Object(Illuminate\Http\Request))
#33 C:\OpenServer\domains\ideal\vendor\compiled.php(8944): Illuminate\View\Middleware\ShareErrorsFromSession->handle(Object(Illuminate\Http\Request), Object(Closure))
#34 C:\OpenServer\domains\ideal\vendor\compiled.php(10785): Illuminate\Pipeline\Pipeline->Illuminate\Pipeline\{closure}(Object(Illuminate\Http\Request))
#35 C:\OpenServer\domains\ideal\vendor\compiled.php(8944): Illuminate\Session\Middleware\StartSession->handle(Object(Illuminate\Http\Request), Object(Closure))
#36 C:\OpenServer\domains\ideal\vendor\compiled.php(11789): Illuminate\Pipeline\Pipeline->Illuminate\Pipeline\{closure}(Object(Illuminate\Http\Request))
#37 C:\OpenServer\domains\ideal\vendor\compiled.php(8944): Illuminate\Cookie\Middleware\AddQueuedCookiesToResponse->handle(Object(Illuminate\Http\Request), Object(Closure))
#38 C:\OpenServer\domains\ideal\vendor\compiled.php(11738): Illuminate\Pipeline\Pipeline->Illuminate\Pipeline\{closure}(Object(Illuminate\Http\Request))
#39 C:\OpenServer\domains\ideal\vendor\compiled.php(8944): Illuminate\Cookie\Middleware\EncryptCookies->handle(Object(Illuminate\Http\Request), Object(Closure))
#40 C:\OpenServer\domains\ideal\vendor\compiled.php(2478): Illuminate\Pipeline\Pipeline->Illuminate\Pipeline\{closure}(Object(Illuminate\Http\Request))
#41 C:\OpenServer\domains\ideal\vendor\compiled.php(8944): Illuminate\Foundation\Http\Middleware\CheckForMaintenanceMode->handle(Object(Illuminate\Http\Request), Object(Closure))
#42 [internal function]: Illuminate\Pipeline\Pipeline->Illuminate\Pipeline\{closure}(Object(Illuminate\Http\Request))
#43 C:\OpenServer\domains\ideal\vendor\compiled.php(8935): call_user_func(Object(Closure), Object(Illuminate\Http\Request))
#44 C:\OpenServer\domains\ideal\vendor\compiled.php(1891): Illuminate\Pipeline\Pipeline->then(Object(Closure))
#45 C:\OpenServer\domains\ideal\vendor\compiled.php(1880): Illuminate\Foundation\Http\Kernel->sendRequestThroughRouter(Object(Illuminate\Http\Request))
#46 C:\OpenServer\domains\ideal\public\index.php(53): Illuminate\Foundation\Http\Kernel->handle(Object(Illuminate\Http\Request))
#47 {main}

Next exception 'Intervention\Image\Exception\NotReadableException' with message 'Unable to read image from path (./foto/default/default.jpg).' in C:\OpenServer\domains\ideal\vendor\intervention\image\src\Intervention\Image\Imagick\Decoder.php:26
Stack trace:
#0 C:\OpenServer\domains\ideal\vendor\intervention\image\src\Intervention\Image\AbstractDecoder.php(293): Intervention\Image\Imagick\Decoder->initFromPath('./foto/default/...')
#1 C:\OpenServer\domains\ideal\vendor\intervention\image\src\Intervention\Image\AbstractDriver.php(64): Intervention\Image\AbstractDecoder->init('./foto/default/...')
#2 C:\OpenServer\domains\ideal\vendor\intervention\image\src\Intervention\Image\ImageManager.php(50): Intervention\Image\AbstractDriver->init('./foto/default/...')
#3 C:\OpenServer\domains\ideal\vendor\intervention\image\src\Intervention\Image\ImageManagerStatic.php(57): Intervention\Image\ImageManager->make('./foto/default/...')
#4 C:\OpenServer\domains\ideal\app\Http\Controllers\IndexController.php(147): Intervention\Image\ImageManagerStatic::make('./foto/default/...')
#5 [internal function]: App\Http\Controllers\IndexController->registration(Object(Illuminate\Http\Request))
#6 C:\OpenServer\domains\ideal\vendor\compiled.php(8287): call_user_func_array(Array, Array)
#7 C:\OpenServer\domains\ideal\vendor\compiled.php(8354): Illuminate\Routing\Controller->callAction('registration', Array)
#8 C:\OpenServer\domains\ideal\vendor\compiled.php(8333): Illuminate\Routing\ControllerDispatcher->call(Object(App\Http\Controllers\IndexController), Object(Illuminate\Routing\Route), 'registration')
#9 [internal function]: Illuminate\Routing\ControllerDispatcher->Illuminate\Routing\{closure}(Object(Illuminate\Http\Request))
#10 C:\OpenServer\domains\ideal\vendor\compiled.php(8952): call_user_func(Object(Closure), Object(Illuminate\Http\Request))
#11 [internal function]: Illuminate\Pipeline\Pipeline->Illuminate\Pipeline\{closure}(Object(Illuminate\Http\Request))
#12 C:\OpenServer\domains\ideal\vendor\compiled.php(8935): call_user_func(Object(Closure), Object(Illuminate\Http\Request))
#13 C:\OpenServer\domains\ideal\vendor\compiled.php(8334): Illuminate\Pipeline\Pipeline->then(Object(Closure))
#14 C:\OpenServer\domains\ideal\vendor\compiled.php(8320): Illuminate\Routing\ControllerDispatcher->callWithinStack(Object(App\Http\Controllers\IndexController), Object(Illuminate\Routing\Route), Object(Illuminate\Http\Request), 'registration')
#15 C:\OpenServer\domains\ideal\vendor\compiled.php(7317): Illuminate\Routing\ControllerDispatcher->dispatch(Object(Illuminate\Routing\Route), Object(Illuminate\Http\Request), 'App\\Http\\Contro...', 'registration')
#16 C:\OpenServer\domains\ideal\vendor\compiled.php(7288): Illuminate\Routing\Route->runWithCustomDispatcher(Object(Illuminate\Http\Request))
#17 C:\OpenServer\domains\ideal\vendor\compiled.php(6954): Illuminate\Routing\Route->run(Object(Illuminate\Http\Request))
#18 [internal function]: Illuminate\Routing\Router->Illuminate\Routing\{closure}(Object(Illuminate\Http\Request))
#19 C:\OpenServer\domains\ideal\vendor\compiled.php(8952): call_user_func(Object(Closure), Object(Illuminate\Http\Request))
#20 [internal function]: Illuminate\Pipeline\Pipeline->Illuminate\Pipeline\{closure}(Object(Illuminate\Http\Request))
#21 C:\OpenServer\domains\ideal\vendor\compiled.php(8935): call_user_func(Object(Closure), Object(Illuminate\Http\Request))
#22 C:\OpenServer\domains\ideal\vendor\compiled.php(6955): Illuminate\Pipeline\Pipeline->then(Object(Closure))
#23 C:\OpenServer\domains\ideal\vendor\compiled.php(6944): Illuminate\Routing\Router->runRouteWithinStack(Object(Illuminate\Routing\Route), Object(Illuminate\Http\Request))
#24 C:\OpenServer\domains\ideal\vendor\compiled.php(6929): Illuminate\Routing\Router->dispatchToRoute(Object(Illuminate\Http\Request))
#25 C:\OpenServer\domains\ideal\vendor\compiled.php(1935): Illuminate\Routing\Router->dispatch(Object(Illuminate\Http\Request))
#26 [internal function]: Illuminate\Foundation\Http\Kernel->Illuminate\Foundation\Http\{closure}(Object(Illuminate\Http\Request))
#27 C:\OpenServer\domains\ideal\vendor\compiled.php(8952): call_user_func(Object(Closure), Object(Illuminate\Http\Request))
#28 C:\OpenServer\domains\ideal\vendor\compiled.php(2438): Illuminate\Pipeline\Pipeline->Illuminate\Pipeline\{closure}(Object(Illuminate\Http\Request))
#29 C:\OpenServer\domains\ideal\app\Http\Middleware\VerifyCsrfToken.php(17): Illuminate\Foundation\Http\Middleware\VerifyCsrfToken->handle(Object(Illuminate\Http\Request), Object(Closure))
#30 C:\OpenServer\domains\ideal\vendor\compiled.php(8944): App\Http\Middleware\VerifyCsrfToken->handle(Object(Illuminate\Http\Request), Object(Closure))
#31 C:\OpenServer\domains\ideal\vendor\compiled.php(12083): Illuminate\Pipeline\Pipeline->Illuminate\Pipeline\{closure}(Object(Illuminate\Http\Request))
#32 C:\OpenServer\domains\ideal\vendor\compiled.php(8944): Illuminate\View\Middleware\ShareErrorsFromSession->handle(Object(Illuminate\Http\Request), Object(Closure))
#33 C:\OpenServer\domains\ideal\vendor\compiled.php(10785): Illuminate\Pipeline\Pipeline->Illuminate\Pipeline\{closure}(Object(Illuminate\Http\Request))
#34 C:\OpenServer\domains\ideal\vendor\compiled.php(8944): Illuminate\Session\Middleware\StartSession->handle(Object(Illuminate\Http\Request), Object(Closure))
#35 C:\OpenServer\domains\ideal\vendor\compiled.php(11789): Illuminate\Pipeline\Pipeline->Illuminate\Pipeline\{closure}(Object(Illuminate\Http\Request))
#36 C:\OpenServer\domains\ideal\vendor\compiled.php(8944): Illuminate\Cookie\Middleware\AddQueuedCookiesToResponse->handle(Object(Illuminate\Http\Request), Object(Closure))
#37 C:\OpenServer\domains\ideal\vendor\compiled.php(11738): Illuminate\Pipeline\Pipeline->Illuminate\Pipeline\{closure}(Object(Illuminate\Http\Request))
#38 C:\OpenServer\domains\ideal\vendor\compiled.php(8944): Illuminate\Cookie\Middleware\EncryptCookies->handle(Object(Illuminate\Http\Request), Object(Closure))
#39 C:\OpenServer\domains\ideal\vendor\compiled.php(2478): Illuminate\Pipeline\Pipeline->Illuminate\Pipeline\{closure}(Object(Illuminate\Http\Request))
#40 C:\OpenServer\domains\ideal\vendor\compiled.php(8944): Illuminate\Foundation\Http\Middleware\CheckForMaintenanceMode->handle(Object(Illuminate\Http\Request), Object(Closure))
#41 [internal function]: Illuminate\Pipeline\Pipeline->Illuminate\Pipeline\{closure}(Object(Illuminate\Http\Request))
#42 C:\OpenServer\domains\ideal\vendor\compiled.php(8935): call_user_func(Object(Closure), Object(Illuminate\Http\Request))
#43 C:\OpenServer\domains\ideal\vendor\compiled.php(1891): Illuminate\Pipeline\Pipeline->then(Object(Closure))
#44 C:\OpenServer\domains\ideal\vendor\compiled.php(1880): Illuminate\Foundation\Http\Kernel->sendRequestThroughRouter(Object(Illuminate\Http\Request))
#45 C:\OpenServer\domains\ideal\public\index.php(53): Illuminate\Foundation\Http\Kernel->handle(Object(Illuminate\Http\Request))
#46 {main}  
[2016-09-26 11:32:56] local.ERROR: exception 'ErrorException' with message 'Undefined variable: name' in C:\OpenServer\domains\ideal\app\Http\Controllers\IndexController.php:148
Stack trace:
#0 C:\OpenServer\domains\ideal\app\Http\Controllers\IndexController.php(148): Illuminate\Foundation\Bootstrap\HandleExceptions->handleError(8, 'Undefined varia...', 'C:\\OpenServer\\d...', 148, Array)
#1 [internal function]: App\Http\Controllers\IndexController->registration(Object(Illuminate\Http\Request))
#2 C:\OpenServer\domains\ideal\vendor\compiled.php(8287): call_user_func_array(Array, Array)
#3 C:\OpenServer\domains\ideal\vendor\compiled.php(8354): Illuminate\Routing\Controller->callAction('registration', Array)
#4 C:\OpenServer\domains\ideal\vendor\compiled.php(8333): Illuminate\Routing\ControllerDispatcher->call(Object(App\Http\Controllers\IndexController), Object(Illuminate\Routing\Route), 'registration')
#5 [internal function]: Illuminate\Routing\ControllerDispatcher->Illuminate\Routing\{closure}(Object(Illuminate\Http\Request))
#6 C:\OpenServer\domains\ideal\vendor\compiled.php(8952): call_user_func(Object(Closure), Object(Illuminate\Http\Request))
#7 [internal function]: Illuminate\Pipeline\Pipeline->Illuminate\Pipeline\{closure}(Object(Illuminate\Http\Request))
#8 C:\OpenServer\domains\ideal\vendor\compiled.php(8935): call_user_func(Object(Closure), Object(Illuminate\Http\Request))
#9 C:\OpenServer\domains\ideal\vendor\compiled.php(8334): Illuminate\Pipeline\Pipeline->then(Object(Closure))
#10 C:\OpenServer\domains\ideal\vendor\compiled.php(8320): Illuminate\Routing\ControllerDispatcher->callWithinStack(Object(App\Http\Controllers\IndexController), Object(Illuminate\Routing\Route), Object(Illuminate\Http\Request), 'registration')
#11 C:\OpenServer\domains\ideal\vendor\compiled.php(7317): Illuminate\Routing\ControllerDispatcher->dispatch(Object(Illuminate\Routing\Route), Object(Illuminate\Http\Request), 'App\\Http\\Contro...', 'registration')
#12 C:\OpenServer\domains\ideal\vendor\compiled.php(7288): Illuminate\Routing\Route->runWithCustomDispatcher(Object(Illuminate\Http\Request))
#13 C:\OpenServer\domains\ideal\vendor\compiled.php(6954): Illuminate\Routing\Route->run(Object(Illuminate\Http\Request))
#14 [internal function]: Illuminate\Routing\Router->Illuminate\Routing\{closure}(Object(Illuminate\Http\Request))
#15 C:\OpenServer\domains\ideal\vendor\compiled.php(8952): call_user_func(Object(Closure), Object(Illuminate\Http\Request))
#16 [internal function]: Illuminate\Pipeline\Pipeline->Illuminate\Pipeline\{closure}(Object(Illuminate\Http\Request))
#17 C:\OpenServer\domains\ideal\vendor\compiled.php(8935): call_user_func(Object(Closure), Object(Illuminate\Http\Request))
#18 C:\OpenServer\domains\ideal\vendor\compiled.php(6955): Illuminate\Pipeline\Pipeline->then(Object(Closure))
#19 C:\OpenServer\domains\ideal\vendor\compiled.php(6944): Illuminate\Routing\Router->runRouteWithinStack(Object(Illuminate\Routing\Route), Object(Illuminate\Http\Request))
#20 C:\OpenServer\domains\ideal\vendor\compiled.php(6929): Illuminate\Routing\Router->dispatchToRoute(Object(Illuminate\Http\Request))
#21 C:\OpenServer\domains\ideal\vendor\compiled.php(1935): Illuminate\Routing\Router->dispatch(Object(Illuminate\Http\Request))
#22 [internal function]: Illuminate\Foundation\Http\Kernel->Illuminate\Foundation\Http\{closure}(Object(Illuminate\Http\Request))
#23 C:\OpenServer\domains\ideal\vendor\compiled.php(8952): call_user_func(Object(Closure), Object(Illuminate\Http\Request))
#24 C:\OpenServer\domains\ideal\vendor\compiled.php(2438): Illuminate\Pipeline\Pipeline->Illuminate\Pipeline\{closure}(Object(Illuminate\Http\Request))
#25 C:\OpenServer\domains\ideal\app\Http\Middleware\VerifyCsrfToken.php(17): Illuminate\Foundation\Http\Middleware\VerifyCsrfToken->handle(Object(Illuminate\Http\Request), Object(Closure))
#26 C:\OpenServer\domains\ideal\vendor\compiled.php(8944): App\Http\Middleware\VerifyCsrfToken->handle(Object(Illuminate\Http\Request), Object(Closure))
#27 C:\OpenServer\domains\ideal\vendor\compiled.php(12083): Illuminate\Pipeline\Pipeline->Illuminate\Pipeline\{closure}(Object(Illuminate\Http\Request))
#28 C:\OpenServer\domains\ideal\vendor\compiled.php(8944): Illuminate\View\Middleware\ShareErrorsFromSession->handle(Object(Illuminate\Http\Request), Object(Closure))
#29 C:\OpenServer\domains\ideal\vendor\compiled.php(10785): Illuminate\Pipeline\Pipeline->Illuminate\Pipeline\{closure}(Object(Illuminate\Http\Request))
#30 C:\OpenServer\domains\ideal\vendor\compiled.php(8944): Illuminate\Session\Middleware\StartSession->handle(Object(Illuminate\Http\Request), Object(Closure))
#31 C:\OpenServer\domains\ideal\vendor\compiled.php(11789): Illuminate\Pipeline\Pipeline->Illuminate\Pipeline\{closure}(Object(Illuminate\Http\Request))
#32 C:\OpenServer\domains\ideal\vendor\compiled.php(8944): Illuminate\Cookie\Middleware\AddQueuedCookiesToResponse->handle(Object(Illuminate\Http\Request), Object(Closure))
#33 C:\OpenServer\domains\ideal\vendor\compiled.php(11738): Illuminate\Pipeline\Pipeline->Illuminate\Pipeline\{closure}(Object(Illuminate\Http\Request))
#34 C:\OpenServer\domains\ideal\vendor\compiled.php(8944): Illuminate\Cookie\Middleware\EncryptCookies->handle(Object(Illuminate\Http\Request), Object(Closure))
#35 C:\OpenServer\domains\ideal\vendor\compiled.php(2478): Illuminate\Pipeline\Pipeline->Illuminate\Pipeline\{closure}(Object(Illuminate\Http\Request))
#36 C:\OpenServer\domains\ideal\vendor\compiled.php(8944): Illuminate\Foundation\Http\Middleware\CheckForMaintenanceMode->handle(Object(Illuminate\Http\Request), Object(Closure))
#37 [internal function]: Illuminate\Pipeline\Pipeline->Illuminate\Pipeline\{closure}(Object(Illuminate\Http\Request))
#38 C:\OpenServer\domains\ideal\vendor\compiled.php(8935): call_user_func(Object(Closure), Object(Illuminate\Http\Request))
#39 C:\OpenServer\domains\ideal\vendor\compiled.php(1891): Illuminate\Pipeline\Pipeline->then(Object(Closure))
#40 C:\OpenServer\domains\ideal\vendor\compiled.php(1880): Illuminate\Foundation\Http\Kernel->sendRequestThroughRouter(Object(Illuminate\Http\Request))
#41 C:\OpenServer\domains\ideal\public\index.php(53): Illuminate\Foundation\Http\Kernel->handle(Object(Illuminate\Http\Request))
#42 {main}  
